1760918214.727300 client started (1420): version 3.4, socket /tmp/tmux-1000/default, protocol 8
1760918214.727599 on Linux 5.15.167.4-microsoft-standard-WSL2 #1 SMP Tue Nov 5 00:21:55 UTC 2024
1760918214.727715 using libevent 2.1.12-stable poll
1760918214.727811 using ncurses 6.4 20240113
1760918214.727935 flags are 0x18010000
1760918214.728065 socket is /tmp/tmux-1000/default
1760918214.728238 trying connect
1760918214.728383 connect failed: No such file or directory
1760918214.728506 lock file is /tmp/tmux-1000/default.lock
1760918214.728664 flock succeeded
1760918214.728777 got lock (6)
1760918214.728956 trying connect
1760918214.729059 connect failed: No such file or directory
1760918214.729605 add peer 0x55c23f515fa0: 7 ((nil))
1760918214.730051 sending message 100 to peer 0x55c23f515fa0 (4 bytes)
1760918214.730171 sending message 111 to peer 0x55c23f515fa0 (8 bytes)
1760918214.730281 sending message 101 to peer 0x55c23f515fa0 (15 bytes)
1760918214.730363 sending message 109 to peer 0x55c23f515fa0 (4 bytes)
1760918214.730470 sending message 102 to peer 0x55c23f515fa0 (11 bytes)
1760918214.730560 sending message 108 to peer 0x55c23f515fa0 (56 bytes)
1760918214.730656 sending message 112 to peer 0x55c23f515fa0 (58 bytes)
1760918214.730779 sending message 112 to peer 0x55c23f515fa0 (5 bytes)
1760918214.730863 sending message 112 to peer 0x55c23f515fa0 (5 bytes)
1760918214.730941 sending message 112 to peer 0x55c23f515fa0 (6 bytes)
1760918214.731017 sending message 112 to peer 0x55c23f515fa0 (6 bytes)
1760918214.731093 sending message 112 to peer 0x55c23f515fa0 (11 bytes)
1760918214.731180 sending message 112 to peer 0x55c23f515fa0 (10 bytes)
1760918214.731257 sending message 112 to peer 0x55c23f515fa0 (13 bytes)
1760918214.731334 sending message 112 to peer 0x55c23f515fa0 (14 bytes)
1760918214.731433 sending message 112 to peer 0x55c23f515fa0 (19 bytes)
1760918214.731525 sending message 112 to peer 0x55c23f515fa0 (11 bytes)
1760918214.731617 sending message 112 to peer 0x55c23f515fa0 (10 bytes)
1760918214.731727 sending message 112 to peer 0x55c23f515fa0 (15 bytes)
1760918214.731803 sending message 112 to peer 0x55c23f515fa0 (21 bytes)
1760918214.731875 sending message 112 to peer 0x55c23f515fa0 (13 bytes)
1760918214.731943 sending message 112 to peer 0x55c23f515fa0 (7 bytes)
1760918214.732031 sending message 112 to peer 0x55c23f515fa0 (13 bytes)
1760918214.732104 sending message 112 to peer 0x55c23f515fa0 (7 bytes)
1760918214.732181 sending message 112 to peer 0x55c23f515fa0 (13 bytes)
1760918214.732254 sending message 112 to peer 0x55c23f515fa0 (9 bytes)
1760918214.732327 sending message 112 to peer 0x55c23f515fa0 (21 bytes)
1760918214.732395 sending message 112 to peer 0x55c23f515fa0 (13 bytes)
1760918214.732461 sending message 112 to peer 0x55c23f515fa0 (9 bytes)
1760918214.732533 sending message 112 to peer 0x55c23f515fa0 (16 bytes)
1760918214.732618 sending message 112 to peer 0x55c23f515fa0 (13 bytes)
1760918214.732688 sending message 112 to peer 0x55c23f515fa0 (9 bytes)
1760918214.732824 sending message 112 to peer 0x55c23f515fa0 (9 bytes)
1760918214.732959 sending message 112 to peer 0x55c23f515fa0 (12 bytes)
1760918214.733069 sending message 112 to peer 0x55c23f515fa0 (8 bytes)
1760918214.733197 sending message 112 to peer 0x55c23f515fa0 (8 bytes)
1760918214.733320 sending message 112 to peer 0x55c23f515fa0 (13 bytes)
1760918214.733432 sending message 112 to peer 0x55c23f515fa0 (7 bytes)
1760918214.733525 sending message 112 to peer 0x55c23f515fa0 (7 bytes)
1760918214.733645 sending message 112 to peer 0x55c23f515fa0 (9 bytes)
1760918214.733764 sending message 112 to peer 0x55c23f515fa0 (9 bytes)
1760918214.733920 sending message 112 to peer 0x55c23f515fa0 (15 bytes)
1760918214.734004 sending message 112 to peer 0x55c23f515fa0 (13 bytes)
1760918214.734107 sending message 112 to peer 0x55c23f515fa0 (12 bytes)
1760918214.734217 sending message 112 to peer 0x55c23f515fa0 (8 bytes)
1760918214.734289 sending message 112 to peer 0x55c23f515fa0 (14 bytes)
1760918214.734356 sending message 112 to peer 0x55c23f515fa0 (11 bytes)
1760918214.734444 sending message 112 to peer 0x55c23f515fa0 (9 bytes)
1760918214.734539 sending message 112 to peer 0x55c23f515fa0 (10 bytes)
1760918214.734618 sending message 112 to peer 0x55c23f515fa0 (10 bytes)
1760918214.734686 sending message 112 to peer 0x55c23f515fa0 (10 bytes)
1760918214.734764 sending message 112 to peer 0x55c23f515fa0 (10 bytes)
1760918214.734847 sending message 112 to peer 0x55c23f515fa0 (11 bytes)
1760918214.734927 sending message 112 to peer 0x55c23f515fa0 (12 bytes)
1760918214.735019 sending message 112 to peer 0x55c23f515fa0 (12 bytes)
1760918214.735094 sending message 112 to peer 0x55c23f515fa0 (12 bytes)
1760918214.735161 sending message 112 to peer 0x55c23f515fa0 (12 bytes)
1760918214.735247 sending message 112 to peer 0x55c23f515fa0 (12 bytes)
1760918214.735319 sending message 112 to peer 0x55c23f515fa0 (11 bytes)
1760918214.735386 sending message 112 to peer 0x55c23f515fa0 (11 bytes)
1760918214.735451 sending message 112 to peer 0x55c23f515fa0 (12 bytes)
1760918214.735517 sending message 112 to peer 0x55c23f515fa0 (12 bytes)
1760918214.735582 sending message 112 to peer 0x55c23f515fa0 (12 bytes)
1760918214.735648 sending message 112 to peer 0x55c23f515fa0 (12 bytes)
1760918214.735712 sending message 112 to peer 0x55c23f515fa0 (12 bytes)
1760918214.735778 sending message 112 to peer 0x55c23f515fa0 (9 bytes)
1760918214.735842 sending message 112 to peer 0x55c23f515fa0 (12 bytes)
1760918214.735906 sending message 112 to peer 0x55c23f515fa0 (13 bytes)
1760918214.735986 sending message 112 to peer 0x55c23f515fa0 (13 bytes)
1760918214.736075 sending message 112 to peer 0x55c23f515fa0 (13 bytes)
1760918214.736142 sending message 112 to peer 0x55c23f515fa0 (13 bytes)
1760918214.736213 sending message 112 to peer 0x55c23f515fa0 (13 bytes)
1760918214.736335 sending message 112 to peer 0x55c23f515fa0 (8 bytes)
1760918214.736427 sending message 112 to peer 0x55c23f515fa0 (11 bytes)
1760918214.736515 sending message 112 to peer 0x55c23f515fa0 (11 bytes)
1760918214.736599 sending message 112 to peer 0x55c23f515fa0 (11 bytes)
1760918214.736686 sending message 112 to peer 0x55c23f515fa0 (12 bytes)
1760918214.736781 sending message 112 to peer 0x55c23f515fa0 (12 bytes)
1760918214.736857 sending message 112 to peer 0x55c23f515fa0 (12 bytes)
1760918214.736930 sending message 112 to peer 0x55c23f515fa0 (12 bytes)
1760918214.737039 sending message 112 to peer 0x55c23f515fa0 (13 bytes)
1760918214.737170 sending message 112 to peer 0x55c23f515fa0 (13 bytes)
1760918214.737299 sending message 112 to peer 0x55c23f515fa0 (13 bytes)
1760918214.737404 sending message 112 to peer 0x55c23f515fa0 (8 bytes)
1760918214.737478 sending message 112 to peer 0x55c23f515fa0 (13 bytes)
1760918214.737548 sending message 112 to peer 0x55c23f515fa0 (13 bytes)
1760918214.737630 sending message 112 to peer 0x55c23f515fa0 (13 bytes)
1760918214.737728 sending message 112 to peer 0x55c23f515fa0 (13 bytes)
1760918214.737808 sending message 112 to peer 0x55c23f515fa0 (13 bytes)
1760918214.737896 sending message 112 to peer 0x55c23f515fa0 (12 bytes)
1760918214.738010 sending message 112 to peer 0x55c23f515fa0 (12 bytes)
1760918214.738148 sending message 112 to peer 0x55c23f515fa0 (12 bytes)
1760918214.738273 sending message 112 to peer 0x55c23f515fa0 (12 bytes)
1760918214.738353 sending message 112 to peer 0x55c23f515fa0 (13 bytes)
1760918214.738423 sending message 112 to peer 0x55c23f515fa0 (8 bytes)
1760918214.738496 sending message 112 to peer 0x55c23f515fa0 (13 bytes)
1760918214.738566 sending message 112 to peer 0x55c23f515fa0 (13 bytes)
1760918214.738631 sending message 112 to peer 0x55c23f515fa0 (13 bytes)
1760918214.738716 sending message 112 to peer 0x55c23f515fa0 (13 bytes)
1760918214.738808 sending message 112 to peer 0x55c23f515fa0 (13 bytes)
1760918214.738911 sending message 112 to peer 0x55c23f515fa0 (13 bytes)
1760918214.739043 sending message 112 to peer 0x55c23f515fa0 (13 bytes)
1760918214.739200 sending message 112 to peer 0x55c23f515fa0 (12 bytes)
1760918214.739290 sending message 112 to peer 0x55c23f515fa0 (12 bytes)
1760918214.739406 sending message 112 to peer 0x55c23f515fa0 (12 bytes)
1760918214.739512 sending message 112 to peer 0x55c23f515fa0 (8 bytes)
1760918214.739599 sending message 112 to peer 0x55c23f515fa0 (12 bytes)
1760918214.739685 sending message 112 to peer 0x55c23f515fa0 (13 bytes)
1760918214.739790 sending message 112 to peer 0x55c23f515fa0 (13 bytes)
1760918214.739884 sending message 112 to peer 0x55c23f515fa0 (13 bytes)
1760918214.739962 sending message 112 to peer 0x55c23f515fa0 (13 bytes)
1760918214.740042 sending message 112 to peer 0x55c23f515fa0 (13 bytes)
1760918214.740113 sending message 112 to peer 0x55c23f515fa0 (13 bytes)
1760918214.740180 sending message 112 to peer 0x55c23f515fa0 (13 bytes)
1760918214.740250 sending message 112 to peer 0x55c23f515fa0 (13 bytes)
1760918214.740331 sending message 112 to peer 0x55c23f515fa0 (12 bytes)
1760918214.740422 sending message 112 to peer 0x55c23f515fa0 (10 bytes)
1760918214.740509 sending message 112 to peer 0x55c23f515fa0 (12 bytes)
1760918214.740584 sending message 112 to peer 0x55c23f515fa0 (12 bytes)
1760918214.740659 sending message 112 to peer 0x55c23f515fa0 (12 bytes)
1760918214.740725 sending message 112 to peer 0x55c23f515fa0 (13 bytes)
1760918214.740797 sending message 112 to peer 0x55c23f515fa0 (13 bytes)
1760918214.740867 sending message 112 to peer 0x55c23f515fa0 (13 bytes)
1760918214.740936 sending message 112 to peer 0x55c23f515fa0 (13 bytes)
1760918214.741018 sending message 112 to peer 0x55c23f515fa0 (13 bytes)
1760918214.741087 sending message 112 to peer 0x55c23f515fa0 (13 bytes)
1760918214.741164 sending message 112 to peer 0x55c23f515fa0 (13 bytes)
1760918214.741236 sending message 112 to peer 0x55c23f515fa0 (10 bytes)
1760918214.741307 sending message 112 to peer 0x55c23f515fa0 (13 bytes)
1760918214.741399 sending message 112 to peer 0x55c23f515fa0 (12 bytes)
1760918214.741479 sending message 112 to peer 0x55c23f515fa0 (12 bytes)
1760918214.741546 sending message 112 to peer 0x55c23f515fa0 (12 bytes)
1760918214.741618 sending message 112 to peer 0x55c23f515fa0 (10 bytes)
1760918214.741688 sending message 112 to peer 0x55c23f515fa0 (10 bytes)
1760918214.741759 sending message 112 to peer 0x55c23f515fa0 (10 bytes)
1760918214.741823 sending message 112 to peer 0x55c23f515fa0 (12 bytes)
1760918214.741888 sending message 112 to peer 0x55c23f515fa0 (13 bytes)
1760918214.741953 sending message 112 to peer 0x55c23f515fa0 (13 bytes)
1760918214.742018 sending message 112 to peer 0x55c23f515fa0 (13 bytes)
1760918214.742083 sending message 112 to peer 0x55c23f515fa0 (13 bytes)
1760918214.742148 sending message 112 to peer 0x55c23f515fa0 (13 bytes)
1760918214.742213 sending message 112 to peer 0x55c23f515fa0 (10 bytes)
1760918214.742282 sending message 112 to peer 0x55c23f515fa0 (11 bytes)
1760918214.742346 sending message 112 to peer 0x55c23f515fa0 (12 bytes)
1760918214.742428 sending message 112 to peer 0x55c23f515fa0 (12 bytes)
1760918214.742557 sending message 112 to peer 0x55c23f515fa0 (12 bytes)
1760918214.742674 sending message 112 to peer 0x55c23f515fa0 (12 bytes)
1760918214.742770 sending message 112 to peer 0x55c23f515fa0 (12 bytes)
1760918214.742865 sending message 112 to peer 0x55c23f515fa0 (11 bytes)
1760918214.742956 sending message 112 to peer 0x55c23f515fa0 (12 bytes)
1760918214.743039 sending message 112 to peer 0x55c23f515fa0 (12 bytes)
1760918214.743131 sending message 112 to peer 0x55c23f515fa0 (13 bytes)
1760918214.743225 sending message 112 to peer 0x55c23f515fa0 (13 bytes)
1760918214.743303 sending message 112 to peer 0x55c23f515fa0 (13 bytes)
1760918214.743398 sending message 112 to peer 0x55c23f515fa0 (13 bytes)
1760918214.743507 sending message 112 to peer 0x55c23f515fa0 (13 bytes)
1760918214.743657 sending message 112 to peer 0x55c23f515fa0 (10 bytes)
1760918214.743763 sending message 112 to peer 0x55c23f515fa0 (9 bytes)
1760918214.743862 sending message 112 to peer 0x55c23f515fa0 (12 bytes)
1760918214.743947 sending message 112 to peer 0x55c23f515fa0 (13 bytes)
1760918214.744035 sending message 112 to peer 0x55c23f515fa0 (13 bytes)
1760918214.744134 sending message 112 to peer 0x55c23f515fa0 (13 bytes)
1760918214.744229 sending message 112 to peer 0x55c23f515fa0 (13 bytes)
1760918214.744334 sending message 112 to peer 0x55c23f515fa0 (13 bytes)
1760918214.744424 sending message 112 to peer 0x55c23f515fa0 (9 bytes)
1760918214.744502 sending message 112 to peer 0x55c23f515fa0 (12 bytes)
1760918214.744581 sending message 112 to peer 0x55c23f515fa0 (13 bytes)
1760918214.744684 sending message 112 to peer 0x55c23f515fa0 (13 bytes)
1760918214.744775 sending message 112 to peer 0x55c23f515fa0 (13 bytes)
1760918214.744856 sending message 112 to peer 0x55c23f515fa0 (13 bytes)
1760918214.744928 sending message 112 to peer 0x55c23f515fa0 (13 bytes)
1760918214.744997 sending message 112 to peer 0x55c23f515fa0 (11 bytes)
1760918214.745068 sending message 112 to peer 0x55c23f515fa0 (12 bytes)
1760918214.745142 sending message 112 to peer 0x55c23f515fa0 (13 bytes)
1760918214.745233 sending message 112 to peer 0x55c23f515fa0 (13 bytes)
1760918214.745407 sending message 112 to peer 0x55c23f515fa0 (13 bytes)
1760918214.745532 sending message 112 to peer 0x55c23f515fa0 (13 bytes)
1760918214.745624 sending message 112 to peer 0x55c23f515fa0 (13 bytes)
1760918214.745703 sending message 112 to peer 0x55c23f515fa0 (11 bytes)
1760918214.745773 sending message 112 to peer 0x55c23f515fa0 (12 bytes)
1760918214.745852 sending message 112 to peer 0x55c23f515fa0 (12 bytes)
1760918214.745919 sending message 112 to peer 0x55c23f515fa0 (12 bytes)
1760918214.745987 sending message 112 to peer 0x55c23f515fa0 (12 bytes)
1760918214.746055 sending message 112 to peer 0x55c23f515fa0 (12 bytes)
1760918214.746124 sending message 112 to peer 0x55c23f515fa0 (21 bytes)
1760918214.746191 sending message 112 to peer 0x55c23f515fa0 (12 bytes)
1760918214.746257 sending message 112 to peer 0x55c23f515fa0 (9 bytes)
1760918214.746323 sending message 112 to peer 0x55c23f515fa0 (6 bytes)
1760918214.746389 sending message 112 to peer 0x55c23f515fa0 (13 bytes)
1760918214.746455 sending message 112 to peer 0x55c23f515fa0 (10 bytes)
1760918214.746521 sending message 112 to peer 0x55c23f515fa0 (24 bytes)
1760918214.746586 sending message 112 to peer 0x55c23f515fa0 (13 bytes)
1760918214.746651 sending message 112 to peer 0x55c23f515fa0 (9 bytes)
1760918214.746718 sending message 112 to peer 0x55c23f515fa0 (70 bytes)
1760918214.746786 sending message 112 to peer 0x55c23f515fa0 (69 bytes)
1760918214.746852 sending message 112 to peer 0x55c23f515fa0 (12 bytes)
1760918214.746923 sending message 112 to peer 0x55c23f515fa0 (10 bytes)
1760918214.746988 sending message 112 to peer 0x55c23f515fa0 (10 bytes)
1760918214.747053 sending message 112 to peer 0x55c23f515fa0 (24 bytes)
1760918214.747123 sending message 112 to peer 0x55c23f515fa0 (13 bytes)
1760918214.747192 sending message 112 to peer 0x55c23f515fa0 (10 bytes)
1760918214.747259 sending message 112 to peer 0x55c23f515fa0 (10 bytes)
1760918214.747334 sending message 112 to peer 0x55c23f515fa0 (10 bytes)
1760918214.747403 sending message 112 to peer 0x55c23f515fa0 (13 bytes)
1760918214.747470 sending message 112 to peer 0x55c23f515fa0 (15 bytes)
1760918214.747536 sending message 112 to peer 0x55c23f515fa0 (5 bytes)
1760918214.747603 sending message 104 to peer 0x55c23f515fa0 (0 bytes)
1760918214.747681 sending message 110 to peer 0x55c23f515fa0 (0 bytes)
1760918214.747770 sending message 107 to peer 0x55c23f515fa0 (4 bytes)
1760918214.747885 sending message 105 to peer 0x55c23f515fa0 (16 bytes)
1760918214.747973 sending message 105 to peer 0x55c23f515fa0 (65 bytes)
1760918214.748050 sending message 105 to peer 0x55c23f515fa0 (24 bytes)
1760918214.748117 sending message 105 to peer 0x55c23f515fa0 (23 bytes)
1760918214.748187 sending message 105 to peer 0x55c23f515fa0 (21 bytes)
1760918214.748268 sending message 105 to peer 0x55c23f515fa0 (60 bytes)
1760918214.748348 sending message 105 to peer 0x55c23f515fa0 (18 bytes)
1760918214.748416 sending message 105 to peer 0x55c23f515fa0 (21 bytes)
1760918214.748481 sending message 105 to peer 0x55c23f515fa0 (13 bytes)
1760918214.748568 sending message 105 to peer 0x55c23f515fa0 (33 bytes)
1760918214.748652 sending message 105 to peer 0x55c23f515fa0 (1817 bytes)
1760918214.748733 sending message 105 to peer 0x55c23f515fa0 (26 bytes)
1760918214.748816 sending message 105 to peer 0x55c23f515fa0 (29 bytes)
1760918214.748885 sending message 105 to peer 0x55c23f515fa0 (34 bytes)
1760918214.748961 sending message 105 to peer 0x55c23f515fa0 (20 bytes)
1760918214.749028 sending message 105 to peer 0x55c23f515fa0 (32 bytes)
1760918214.749094 sending message 105 to peer 0x55c23f515fa0 (15 bytes)
1760918214.749161 sending message 105 to peer 0x55c23f515fa0 (11 bytes)
1760918214.749227 sending message 105 to peer 0x55c23f515fa0 (8 bytes)
1760918214.749293 sending message 105 to peer 0x55c23f515fa0 (14 bytes)
1760918214.749360 sending message 105 to peer 0x55c23f515fa0 (32 bytes)
1760918214.749431 sending message 105 to peer 0x55c23f515fa0 (8 bytes)
1760918214.749488 sending message 105 to peer 0x55c23f515fa0 (65 bytes)
1760918214.749569 sending message 105 to peer 0x55c23f515fa0 (2090 bytes)
1760918214.749653 sending message 105 to peer 0x55c23f515fa0 (54 bytes)
1760918214.749732 sending message 105 to peer 0x55c23f515fa0 (56 bytes)
1760918214.749800 sending message 105 to peer 0x55c23f515fa0 (16 bytes)
1760918214.749866 sending message 105 to peer 0x55c23f515fa0 (40 bytes)
1760918214.749932 sending message 105 to peer 0x55c23f515fa0 (16 bytes)
1760918214.749998 sending message 106 to peer 0x55c23f515fa0 (0 bytes)
1760918214.750161 sending message 200 to peer 0x55c23f515fa0 (4 bytes)
1760918214.750276 client loop enter
1760918214.750373 client_signal: Child exited
1760918216.254186 peer 0x55c23f515fa0 message 207
1760918216.254342 sending message 208 to peer 0x55c23f515fa0 (0 bytes)
1760918372.905812 client_signal: Window changed
1760918372.906044 sending message 208 to peer 0x55c23f515fa0 (0 bytes)
1760918372.936659 client_signal: Window changed
1760918372.936842 sending message 208 to peer 0x55c23f515fa0 (0 bytes)
1760918372.955711 client_signal: Window changed
1760918372.955848 sending message 208 to peer 0x55c23f515fa0 (0 bytes)
1760918372.974939 client_signal: Window changed
1760918372.975071 sending message 208 to peer 0x55c23f515fa0 (0 bytes)
1760918372.996993 client_signal: Window changed
1760918372.997142 sending message 208 to peer 0x55c23f515fa0 (0 bytes)
1760918373.034228 client_signal: Window changed
1760918373.034349 sending message 208 to peer 0x55c23f515fa0 (0 bytes)
1760918373.066866 client_signal: Window changed
1760918373.067008 sending message 208 to peer 0x55c23f515fa0 (0 bytes)
1760918373.113291 client_signal: Window changed
1760918373.113435 sending message 208 to peer 0x55c23f515fa0 (0 bytes)
1760918373.168363 client_signal: Window changed
1760918373.168506 sending message 208 to peer 0x55c23f515fa0 (0 bytes)
1760918373.273114 client_signal: Window changed
1760918373.273234 sending message 208 to peer 0x55c23f515fa0 (0 bytes)
1760918373.318469 client_signal: Window changed
1760918373.318587 sending message 208 to peer 0x55c23f515fa0 (0 bytes)
1760918373.498603 client_signal: Window changed
1760918373.498722 sending message 208 to peer 0x55c23f515fa0 (0 bytes)
1760918373.761814 client_signal: Window changed
1760918373.761944 sending message 208 to peer 0x55c23f515fa0 (0 bytes)
1760918374.220394 client_signal: Window changed
1760918374.220599 sending message 208 to peer 0x55c23f515fa0 (0 bytes)
1760918374.317323 client_signal: Window changed
1760918374.317471 sending message 208 to peer 0x55c23f515fa0 (0 bytes)
1760918868.649359 client_signal: Window changed
1760918868.649780 sending message 208 to peer 0x55c23f515fa0 (0 bytes)
1760918997.272514 client_signal: Window changed
1760918997.272745 sending message 208 to peer 0x55c23f515fa0 (0 bytes)
1760919012.045996 client_signal: Hangup
1760919012.046317 sending message 205 to peer 0x55c23f515fa0 (0 bytes)
1760919012.048045 client loop exit
